# JRE version: Java(TM) SE Runtime Environment (21.0.7+8) (build 21.0.7+8-LTS-245)
# Java VM: Java HotSpot(TM) 64-Bit Server VM (21.0.7+8-LTS-245, mixed mode, sharing, tiered, compressed oops, compressed class ptrs, g1 gc, windows-amd64)
GC Precious Log:
 CardTable entry size: 512
 Card Set container configuration: InlinePtr #cards 5 size 8 Array Of Cards #cards 12 size 40 Howl #buckets 4 coarsen threshold 1843 Howl Bitmap #cards 512 size 80 coarsen threshold 460 Card regions per heap region 1 cards per card region 2048
 CPUs: 12 total, 12 available
 Memory: 7916M
 Large Page Support: Disabled
 NUMA Support: Disabled
 Compressed Oops: Enabled (32-bit)
 Heap Region Size: 1M
 Heap Min Capacity: 8M
 Heap Initial Capacity: 124M
 Heap Max Capacity: 1980M
 Pre-touch: Disabled
 Parallel Workers: 10
 Concurrent Workers: 3
 Concurrent Refinement Workers: 10
 Periodic GC: Disabled
Heap:
 garbage-first heap   total 45056K, used 34348K [0x0000000084400000, 0x0000000100000000)
  region size 1024K, 21 young (21504K), 0 survivors (0K)
 Metaspace       used 38500K, committed 39168K, reserved 1114112K
  class space    used 4350K, committed 4608K, reserved 1048576K
GC Heap History (20 events):
Event: 5588.844 GC heap before
{Heap before GC invocations=46 (full 31):
 garbage-first heap   total 45056K, used 34997K [0x0000000084400000, 0x0000000100000000)
  region size 1024K, 23 young (23552K), 0 survivors (0K)
 Metaspace       used 37976K, committed 38528K, reserved 1114112K
  class space    used 4307K, committed 4608K, reserved 1048576K
}
Event: 5588.889 GC heap after
{Heap after GC invocations=47 (full 32):
 garbage-first heap   total 45056K, used 13538K [0x0000000084400000, 0x0000000100000000)
  region size 1024K, 0 young (0K), 0 survivors (0K)
 Metaspace       used 37973K, committed 38528K, reserved 1114112K
  class space    used 4307K, committed 4608K, reserved 1048576K
}
Event: 5812.365 GC heap before
{Heap before GC invocations=47 (full 32):
 garbage-first heap   total 45056K, used 37090K [0x0000000084400000, 0x0000000100000000)
  region size 1024K, 24 young (24576K), 0 survivors (0K)
 Metaspace       used 38026K, committed 38656K, reserved 1114112K
  class space    used 4311K, committed 4608K, reserved 1048576K
}
Event: 5812.370 GC heap after
{Heap after GC invocations=48 (full 32):
 garbage-first heap   total 45056K, used 16080K [0x0000000084400000, 0x0000000100000000)
  region size 1024K, 3 young (3072K), 3 survivors (3072K)
 Metaspace       used 38026K, committed 38656K, reserved 1114112K
  class space    used 4311K, committed 4608K, reserved 1048576K
}
Event: 6155.163 GC heap before
{Heap before GC invocations=48 (full 32):
 garbage-first heap   total 45056K, used 23248K [0x0000000084400000, 0x0000000100000000)
  region size 1024K, 11 young (11264K), 3 survivors (3072K)
 Metaspace       used 38032K, committed 38656K, reserved 1114112K
  class space    used 4312K, committed 4608K, reserved 1048576K
}
Event: 6155.211 GC heap after
{Heap after GC invocations=49 (full 33):
 garbage-first heap   total 45056K, used 13620K [0x0000000084400000, 0x0000000100000000)
  region size 1024K, 0 young (0K), 0 survivors (0K)
 Metaspace       used 38029K, committed 38656K, reserved 1114112K
  class space    used 4311K, committed 4608K, reserved 1048576K
}
Event: 6162.108 GC heap before
{Heap before GC invocations=49 (full 33):
 garbage-first heap   total 45056K, used 33076K [0x0000000084400000, 0x0000000100000000)
  region size 1024K, 20 young (20480K), 0 survivors (0K)
 Metaspace       used 38071K, committed 38720K, reserved 1114112K
  class space    used 4315K, committed 4608K, reserved 1048576K
}
Event: 6162.163 GC heap after
{Heap after GC invocations=50 (full 34):
 garbage-first heap   total 45056K, used 13509K [0x0000000084400000, 0x0000000100000000)
  region size 1024K, 0 young (0K), 0 survivors (0K)
 Metaspace       used 38068K, committed 38720K, reserved 1114112K
  class space    used 4315K, committed 4608K, reserved 1048576K
}
Event: 6207.635 GC heap before
{Heap before GC invocations=50 (full 34):
 garbage-first heap   total 45056K, used 33989K [0x0000000084400000, 0x0000000100000000)
  region size 1024K, 21 young (21504K), 0 survivors (0K)
 Metaspace       used 38177K, committed 38784K, reserved 1114112K
  class space    used 4321K, committed 4608K, reserved 1048576K
}
Event: 6207.674 GC heap after
{Heap after GC invocations=51 (full 35):
 garbage-first heap   total 45056K, used 13551K [0x0000000084400000, 0x0000000100000000)
  region size 1024K, 0 young (0K), 0 survivors (0K)
 Metaspace       used 38175K, committed 38784K, reserved 1114112K
  class space    used 4320K, committed 4608K, reserved 1048576K
}
Event: 6249.995 GC heap before
{Heap before GC invocations=51 (full 35):
 garbage-first heap   total 45056K, used 33007K [0x0000000084400000, 0x0000000100000000)
  region size 1024K, 21 young (21504K), 0 survivors (0K)
 Metaspace       used 38225K, committed 38848K, reserved 1114112K
  class space    used 4325K, committed 4608K, reserved 1048576K
}
Event: 6250.053 GC heap after
{Heap after GC invocations=52 (full 36):
 garbage-first heap   total 45056K, used 13594K [0x0000000084400000, 0x0000000100000000)
  region size 1024K, 0 young (0K), 0 survivors (0K)
 Metaspace       used 38222K, committed 38848K, reserved 1114112K
  class space    used 4325K, committed 4608K, reserved 1048576K
}
Event: 6323.956 GC heap before
{Heap before GC invocations=52 (full 36):
 garbage-first heap   total 45056K, used 35098K [0x0000000084400000, 0x0000000100000000)
  region size 1024K, 22 young (22528K), 0 survivors (0K)
 Metaspace       used 38296K, committed 38912K, reserved 1114112K
  class space    used 4332K, committed 4608K, reserved 1048576K
}
Event: 6324.006 GC heap after
{Heap after GC invocations=53 (full 37):
 garbage-first heap   total 45056K, used 13640K [0x0000000084400000, 0x0000000100000000)
  region size 1024K, 0 young (0K), 0 survivors (0K)
 Metaspace       used 38294K, committed 38912K, reserved 1114112K
  class space    used 4332K, committed 4608K, reserved 1048576K
}
Event: 6566.418 GC heap before
{Heap before GC invocations=53 (full 37):
 garbage-first heap   total 45056K, used 37192K [0x0000000084400000, 0x0000000100000000)
  region size 1024K, 24 young (24576K), 0 survivors (0K)
 Metaspace       used 38321K, committed 38912K, reserved 1114112K
  class space    used 4336K, committed 4608K, reserved 1048576K
}
Event: 6566.423 GC heap after
{Heap after GC invocations=54 (full 37):
 garbage-first heap   total 45056K, used 15957K [0x0000000084400000, 0x0000000100000000)
  region size 1024K, 3 young (3072K), 3 survivors (3072K)
 Metaspace       used 38321K, committed 38912K, reserved 1114112K
  class space    used 4336K, committed 4608K, reserved 1048576K
}
Event: 6799.405 GC heap before
{Heap before GC invocations=54 (full 37):
 garbage-first heap   total 45056K, used 21077K [0x0000000084400000, 0x0000000100000000)
  region size 1024K, 9 young (9216K), 3 survivors (3072K)
 Metaspace       used 38330K, committed 38912K, reserved 1114112K
  class space    used 4336K, committed 4608K, reserved 1048576K
}
Event: 6799.459 GC heap after
{Heap after GC invocations=55 (full 38):
 garbage-first heap   total 45056K, used 13572K [0x0000000084400000, 0x0000000100000000)
  region size 1024K, 0 young (0K), 0 survivors (0K)
 Metaspace       used 38311K, committed 38912K, reserved 1114112K
  class space    used 4332K, committed 4608K, reserved 1048576K
}
Event: 6885.785 GC heap before
{Heap before GC invocations=55 (full 38):
 garbage-first heap   total 45056K, used 34052K [0x0000000084400000, 0x0000000100000000)
  region size 1024K, 22 young (22528K), 0 survivors (0K)
 Metaspace       used 38399K, committed 39040K, reserved 1114112K
  class space    used 4338K, committed 4608K, reserved 1048576K
}
Event: 6885.820 GC heap after
{Heap after GC invocations=56 (full 39):
 garbage-first heap   total 45056K, used 13868K [0x0000000084400000, 0x0000000100000000)
  region size 1024K, 0 young (0K), 0 survivors (0K)
 Metaspace       used 38396K, committed 39040K, reserved 1114112K
  class space    used 4337K, committed 4608K, reserved 1048576K
}

